Warning: sta.tcl, 5 report_checks -verbose is not a known keyword or flag.
Startpoint: reset (input port clocked by MYCLK)
Endpoint: d1/_4_ (removal check against rising-edge clock MYCLK)
Path Group: **async_default**
Path Type: min

Fanout       Cap      Slew     Delay      Time   Description
------------------------------------------------------------------------------------
                   0.0000    0.0000    0.0000   clock MYCLK (rise edge)
                             3.0000    3.0000   clock network delay (ideal)
                             0.4000    3.4000 v input external delay
                   0.1000    0.0000    3.4000 v reset (in)
    4    0.0116                                 reset (net)
                   0.1000    0.0000    3.4000 v d1/_3_/A (sky130_fd_sc_hd__clkinv_1)
                   0.0410    0.0657    3.4657 ^ d1/_3_/Y (sky130_fd_sc_hd__clkinv_1)
    1    0.0036                                 d1/_1_ (net)
                   0.0410    0.0000    3.4657 ^ d1/_4_/RESET_B (sky130_fd_sc_hd__dfrtp_1)
                                       3.4657   data arrival time

                   0.0000    0.0000    0.0000   clock MYCLK (rise edge)
                             3.0000    3.0000   clock network delay (ideal)
                             0.1000    3.1000   clock uncertainty
                             0.0000    3.1000   clock reconvergence pessimism
                                       3.1000 ^ d1/_4_/CLK (sky130_fd_sc_hd__dfrtp_1)
                             0.3069    3.4069   library removal time
                                       3.4069   data required time
------------------------------------------------------------------------------------
                                       3.4069   data required time
                                      -3.4657   data arrival time
------------------------------------------------------------------------------------
                                       0.0588   slack (MET)


Startpoint: s[1] (input port clocked by MYCLK)
Endpoint: d1/_4_ (rising edge-triggered flip-flop clocked by MYCLK)
Path Group: MYCLK
Path Type: min

Fanout       Cap      Slew     Delay      Time   Description
------------------------------------------------------------------------------------
                   0.0000    0.0000    0.0000   clock MYCLK (rise edge)
                             3.0000    3.0000   clock network delay (ideal)
                             0.1000    3.1000 ^ input external delay
                   0.1000    0.0000    3.1000 ^ s[1] (in)
    4    0.0131                                 s[1] (net)
                   0.1000    0.0000    3.1000 ^ m1/_16_/S1 (sky130_fd_sc_hd__mux4_2)
                   0.0441    0.1758    3.2758 ^ m1/_16_/X (sky130_fd_sc_hd__mux4_2)
    1    0.0020                                 w1 (net)
                   0.0441    0.0000    3.2758 ^ d1/_4_/D (sky130_fd_sc_hd__dfrtp_1)
                                       3.2758   data arrival time

                   0.0000    0.0000    0.0000   clock MYCLK (rise edge)
                             3.0000    3.0000   clock network delay (ideal)
                             0.1000    3.1000   clock uncertainty
                             0.0000    3.1000   clock reconvergence pessimism
                                       3.1000 ^ d1/_4_/CLK (sky130_fd_sc_hd__dfrtp_1)
                            -0.0407    3.0593   library hold time
                                       3.0593   data required time
------------------------------------------------------------------------------------
                                       3.0593   data required time
                                      -3.2758   data arrival time
------------------------------------------------------------------------------------
                                       0.2165   slack (MET)


Startpoint: d4/_4_ (rising edge-triggered flip-flop clocked by MYCLK)
Endpoint: q[3] (output port clocked by MYGEN_CLK)
Path Group: MYGEN_CLK
Path Type: min

Fanout       Cap      Slew     Delay      Time   Description
------------------------------------------------------------------------------------
                   0.0000    0.0000    0.0000   clock MYCLK (rise edge)
                             3.0000    3.0000   clock network delay (ideal)
                   0.0000    0.0000    3.0000 ^ d4/_4_/CLK (sky130_fd_sc_hd__dfrtp_1)
                   0.4846    0.7091    3.7091 v d4/_4_/Q (sky130_fd_sc_hd__dfrtp_1)
    3    0.1034                                 q[3] (net)
                   0.4846    0.0000    3.7091 v q[3] (out)
                                       3.7091   data arrival time

                   0.0000    0.0000    0.0000   clock MYGEN_CLK (rise edge)
                             0.0000    0.0000   clock network delay (ideal)
                             0.0000    0.0000   clock reconvergence pessimism
                            -0.1000   -0.1000   output external delay
                                      -0.1000   data required time
------------------------------------------------------------------------------------
                                      -0.1000   data required time
                                      -3.7091   data arrival time
------------------------------------------------------------------------------------
                                       3.8091   slack (MET)


Startpoint: reset (input port clocked by MYCLK)
Endpoint: d1/_4_ (recovery check against rising-edge clock MYCLK)
Path Group: **async_default**
Path Type: max

Fanout       Cap      Slew     Delay      Time   Description
------------------------------------------------------------------------------------
                   0.0000    0.0000    0.0000   clock MYCLK (rise edge)
                             3.0000    3.0000   clock network delay (ideal)
                             0.5000    3.5000 v input external delay
                   0.4000    0.0000    3.5000 v reset (in)
    4    0.0116                                 reset (net)
                   0.4000    0.0000    3.5000 v d1/_3_/A (sky130_fd_sc_hd__clkinv_1)
                   0.0942    0.1266    3.6266 ^ d1/_3_/Y (sky130_fd_sc_hd__clkinv_1)
    1    0.0036                                 d1/_1_ (net)
                   0.0942    0.0000    3.6266 ^ d1/_4_/RESET_B (sky130_fd_sc_hd__dfrtp_1)
                                       3.6266   data arrival time

                   0.0000   10.0000   10.0000   clock MYCLK (rise edge)
                             3.0000   13.0000   clock network delay (ideal)
                            -0.5000   12.5000   clock uncertainty
                             0.0000   12.5000   clock reconvergence pessimism
                                      12.5000 ^ d1/_4_/CLK (sky130_fd_sc_hd__dfrtp_1)
                             0.2037   12.7037   library recovery time
                                      12.7037   data required time
------------------------------------------------------------------------------------
                                      12.7037   data required time
                                      -3.6266   data arrival time
------------------------------------------------------------------------------------
                                       9.0771   slack (MET)


Startpoint: d2/_4_ (rising edge-triggered flip-flop clocked by MYCLK)
Endpoint: d3/_4_ (rising edge-triggered flip-flop clocked by MYCLK)
Path Group: MYCLK
Path Type: max

Fanout       Cap      Slew     Delay      Time   Description
------------------------------------------------------------------------------------
                   0.0000    0.0000    0.0000   clock MYCLK (rise edge)
                             3.0000    3.0000   clock network delay (ideal)
                   0.0000    0.0000    3.0000 ^ d2/_4_/CLK (sky130_fd_sc_hd__dfrtp_1)
                   1.4955    1.3333    4.3333 ^ d2/_4_/Q (sky130_fd_sc_hd__dfrtp_1)
    4    0.1756                                 q[1] (net)
                   1.4955    0.0000    4.3333 ^ m3/_16_/A1 (sky130_fd_sc_hd__mux4_2)
                   0.0584    0.4754    4.8087 ^ m3/_16_/X (sky130_fd_sc_hd__mux4_2)
    1    0.0020                                 w3 (net)
                   0.0584    0.0000    4.8087 ^ d3/_4_/D (sky130_fd_sc_hd__dfrtp_1)
                                       4.8087   data arrival time

                   0.0000   10.0000   10.0000   clock MYCLK (rise edge)
                             3.0000   13.0000   clock network delay (ideal)
                            -0.5000   12.5000   clock uncertainty
                             0.0000   12.5000   clock reconvergence pessimism
                                      12.5000 ^ d3/_4_/CLK (sky130_fd_sc_hd__dfrtp_1)
                            -0.0697   12.4303   library setup time
                                      12.4303   data required time
------------------------------------------------------------------------------------
                                      12.4303   data required time
                                      -4.8087   data arrival time
------------------------------------------------------------------------------------
                                       7.6216   slack (MET)


Startpoint: d2/_4_ (rising edge-triggered flip-flop clocked by MYCLK)
Endpoint: q[1] (output port clocked by MYGEN_CLK)
Path Group: MYGEN_CLK
Path Type: max

Fanout       Cap      Slew     Delay      Time   Description
------------------------------------------------------------------------------------
                   0.0000    0.0000    0.0000   clock MYCLK (rise edge)
                             3.0000    3.0000   clock network delay (ideal)
                   0.0000    0.0000    3.0000 ^ d2/_4_/CLK (sky130_fd_sc_hd__dfrtp_1)
                   1.4955    1.3333    4.3333 ^ d2/_4_/Q (sky130_fd_sc_hd__dfrtp_1)
    4    0.1756                                 q[1] (net)
                   1.4955    0.0000    4.3333 ^ q[1] (out)
                                       4.3333   data arrival time

                   0.0000   10.0000   10.0000   clock MYGEN_CLK (rise edge)
                             0.0000   10.0000   clock network delay (ideal)
                             0.0000   10.0000   clock reconvergence pessimism
                            -0.4000    9.6000   output external delay
                                       9.6000   data required time
------------------------------------------------------------------------------------
                                       9.6000   data required time
                                      -4.3333   data arrival time
------------------------------------------------------------------------------------
                                       5.2667   slack (MET)


