Warning: sta.tcl, 5 report_checks -verbose is not a known keyword or flag.
Startpoint: reset (input port clocked by MYCLK)
Endpoint: d1/_4_ (removal check against rising-edge clock MYCLK)
Path Group: **async_default**
Path Type: min

Fanout       Cap      Slew     Delay      Time   Description
------------------------------------------------------------------------------------
                   0.0000    0.0000    0.0000   clock MYCLK (rise edge)
                             3.0000    3.0000   clock network delay (ideal)
                             0.4000    3.4000 v input external delay
                   0.1000    0.0000    3.4000 v reset (in)
    4    0.0110                                 reset (net)
                   0.1000    0.0000    3.4000 v d1/_3_/A (sky130_fd_sc_hd__clkinv_1)
                   0.0392    0.0675    3.4675 ^ d1/_3_/Y (sky130_fd_sc_hd__clkinv_1)
    1    0.0035                                 d1/_1_ (net)
                   0.0392    0.0000    3.4675 ^ d1/_4_/RESET_B (sky130_fd_sc_hd__dfrtp_1)
                                       3.4675   data arrival time

                   0.0000    0.0000    0.0000   clock MYCLK (rise edge)
                             3.0000    3.0000   clock network delay (ideal)
                             0.1000    3.1000   clock uncertainty
                             0.0000    3.1000   clock reconvergence pessimism
                                       3.1000 ^ d1/_4_/CLK (sky130_fd_sc_hd__dfrtp_1)
                             0.2639    3.3639   library removal time
                                       3.3639   data required time
------------------------------------------------------------------------------------
                                       3.3639   data required time
                                      -3.4675   data arrival time
------------------------------------------------------------------------------------
                                       0.1036   slack (MET)


Startpoint: s[1] (input port clocked by MYCLK)
Endpoint: d1/_4_ (rising edge-triggered flip-flop clocked by MYCLK)
Path Group: MYCLK
Path Type: min

Fanout       Cap      Slew     Delay      Time   Description
------------------------------------------------------------------------------------
                   0.0000    0.0000    0.0000   clock MYCLK (rise edge)
                             3.0000    3.0000   clock network delay (ideal)
                             0.1000    3.1000 ^ input external delay
                   0.1000    0.0000    3.1000 ^ s[1] (in)
    4    0.0131                                 s[1] (net)
                   0.1000    0.0000    3.1000 ^ m1/_16_/S1 (sky130_fd_sc_hd__mux4_2)
                   0.0365    0.1461    3.2461 ^ m1/_16_/X (sky130_fd_sc_hd__mux4_2)
    1    0.0020                                 w1 (net)
                   0.0365    0.0000    3.2461 ^ d1/_4_/D (sky130_fd_sc_hd__dfrtp_1)
                                       3.2461   data arrival time

                   0.0000    0.0000    0.0000   clock MYCLK (rise edge)
                             3.0000    3.0000   clock network delay (ideal)
                             0.1000    3.1000   clock uncertainty
                             0.0000    3.1000   clock reconvergence pessimism
                                       3.1000 ^ d1/_4_/CLK (sky130_fd_sc_hd__dfrtp_1)
                            -0.0296    3.0704   library hold time
                                       3.0704   data required time
------------------------------------------------------------------------------------
                                       3.0704   data required time
                                      -3.2461   data arrival time
------------------------------------------------------------------------------------
                                       0.1756   slack (MET)


Startpoint: d4/_4_ (rising edge-triggered flip-flop clocked by MYCLK)
Endpoint: q[3] (output port clocked by MYGEN_CLK)
Path Group: MYGEN_CLK
Path Type: min

Fanout       Cap      Slew     Delay      Time   Description
------------------------------------------------------------------------------------
                   0.0000    0.0000    0.0000   clock MYCLK (rise edge)
                             3.0000    3.0000   clock network delay (ideal)
                   0.0000    0.0000    3.0000 ^ d4/_4_/CLK (sky130_fd_sc_hd__dfrtp_1)
                   0.3900    0.5816    3.5816 v d4/_4_/Q (sky130_fd_sc_hd__dfrtp_1)
    3    0.1033                                 q[3] (net)
                   0.3900    0.0000    3.5816 v q[3] (out)
                                       3.5816   data arrival time

                   0.0000    0.0000    0.0000   clock MYGEN_CLK (rise edge)
                             0.0000    0.0000   clock network delay (ideal)
                             0.0000    0.0000   clock reconvergence pessimism
                            -0.1000   -0.1000   output external delay
                                      -0.1000   data required time
------------------------------------------------------------------------------------
                                      -0.1000   data required time
                                      -3.5816   data arrival time
------------------------------------------------------------------------------------
                                       3.6816   slack (MET)


Startpoint: reset (input port clocked by MYCLK)
Endpoint: d1/_4_ (recovery check against rising-edge clock MYCLK)
Path Group: **async_default**
Path Type: max

Fanout       Cap      Slew     Delay      Time   Description
------------------------------------------------------------------------------------
                   0.0000    0.0000    0.0000   clock MYCLK (rise edge)
                             3.0000    3.0000   clock network delay (ideal)
                             0.5000    3.5000 v input external delay
                   0.4000    0.0000    3.5000 v reset (in)
    4    0.0110                                 reset (net)
                   0.4000    0.0000    3.5000 v d1/_3_/A (sky130_fd_sc_hd__clkinv_1)
                   0.0919    0.1450    3.6450 ^ d1/_3_/Y (sky130_fd_sc_hd__clkinv_1)
    1    0.0035                                 d1/_1_ (net)
                   0.0919    0.0000    3.6450 ^ d1/_4_/RESET_B (sky130_fd_sc_hd__dfrtp_1)
                                       3.6450   data arrival time

                   0.0000   10.0000   10.0000   clock MYCLK (rise edge)
                             3.0000   13.0000   clock network delay (ideal)
                            -0.5000   12.5000   clock uncertainty
                             0.0000   12.5000   clock reconvergence pessimism
                                      12.5000 ^ d1/_4_/CLK (sky130_fd_sc_hd__dfrtp_1)
                             0.1737   12.6737   library recovery time
                                      12.6737   data required time
------------------------------------------------------------------------------------
                                      12.6737   data required time
                                      -3.6450   data arrival time
------------------------------------------------------------------------------------
                                       9.0287   slack (MET)


Startpoint: d2/_4_ (rising edge-triggered flip-flop clocked by MYCLK)
Endpoint: d3/_4_ (rising edge-triggered flip-flop clocked by MYCLK)
Path Group: MYCLK
Path Type: max

Fanout       Cap      Slew     Delay      Time   Description
------------------------------------------------------------------------------------
                   0.0000    0.0000    0.0000   clock MYCLK (rise edge)
                             3.0000    3.0000   clock network delay (ideal)
                   0.0000    0.0000    3.0000 ^ d2/_4_/CLK (sky130_fd_sc_hd__dfrtp_1)
                   1.4970    1.2784    4.2784 ^ d2/_4_/Q (sky130_fd_sc_hd__dfrtp_1)
    4    0.1755                                 q[1] (net)
                   1.4970    0.0000    4.2784 ^ m3/_16_/A1 (sky130_fd_sc_hd__mux4_2)
                   0.0549    0.4142    4.6926 ^ m3/_16_/X (sky130_fd_sc_hd__mux4_2)
    1    0.0020                                 w3 (net)
                   0.0549    0.0000    4.6926 ^ d3/_4_/D (sky130_fd_sc_hd__dfrtp_1)
                                       4.6926   data arrival time

                   0.0000   10.0000   10.0000   clock MYCLK (rise edge)
                             3.0000   13.0000   clock network delay (ideal)
                            -0.5000   12.5000   clock uncertainty
                             0.0000   12.5000   clock reconvergence pessimism
                                      12.5000 ^ d3/_4_/CLK (sky130_fd_sc_hd__dfrtp_1)
                            -0.0555   12.4445   library setup time
                                      12.4445   data required time
------------------------------------------------------------------------------------
                                      12.4445   data required time
                                      -4.6926   data arrival time
------------------------------------------------------------------------------------
                                       7.7519   slack (MET)


Startpoint: d2/_4_ (rising edge-triggered flip-flop clocked by MYCLK)
Endpoint: q[1] (output port clocked by MYGEN_CLK)
Path Group: MYGEN_CLK
Path Type: max

Fanout       Cap      Slew     Delay      Time   Description
------------------------------------------------------------------------------------
                   0.0000    0.0000    0.0000   clock MYCLK (rise edge)
                             3.0000    3.0000   clock network delay (ideal)
                   0.0000    0.0000    3.0000 ^ d2/_4_/CLK (sky130_fd_sc_hd__dfrtp_1)
                   1.4970    1.2784    4.2784 ^ d2/_4_/Q (sky130_fd_sc_hd__dfrtp_1)
    4    0.1755                                 q[1] (net)
                   1.4970    0.0000    4.2784 ^ q[1] (out)
                                       4.2784   data arrival time

                   0.0000   10.0000   10.0000   clock MYGEN_CLK (rise edge)
                             0.0000   10.0000   clock network delay (ideal)
                             0.0000   10.0000   clock reconvergence pessimism
                            -0.4000    9.6000   output external delay
                                       9.6000   data required time
------------------------------------------------------------------------------------
                                       9.6000   data required time
                                      -4.2784   data arrival time
------------------------------------------------------------------------------------
                                       5.3216   slack (MET)


