Warning: sta.tcl, 5 report_checks -verbose is not a known keyword or flag.
Startpoint: reset (input port clocked by MYCLK)
Endpoint: d1/_4_ (removal check against rising-edge clock MYCLK)
Path Group: **async_default**
Path Type: min

Fanout       Cap      Slew     Delay      Time   Description
------------------------------------------------------------------------------------
                   0.0000    0.0000    0.0000   clock MYCLK (rise edge)
                             3.0000    3.0000   clock network delay (ideal)
                             0.4000    3.4000 v input external delay
                   0.1000    0.0000    3.4000 v reset (in)
    4    0.0094                                 reset (net)
                   0.1000    0.0000    3.4000 v d1/_3_/A (sky130_fd_sc_hd__clkinv_1)
                   0.1385    0.1962    3.5962 ^ d1/_3_/Y (sky130_fd_sc_hd__clkinv_1)
    1    0.0029                                 d1/_1_ (net)
                   0.1385    0.0000    3.5962 ^ d1/_4_/RESET_B (sky130_fd_sc_hd__dfrtp_1)
                                       3.5962   data arrival time

                   0.0000    0.0000    0.0000   clock MYCLK (rise edge)
                             3.0000    3.0000   clock network delay (ideal)
                             0.1000    3.1000   clock uncertainty
                             0.0000    3.1000   clock reconvergence pessimism
                                       3.1000 ^ d1/_4_/CLK (sky130_fd_sc_hd__dfrtp_1)
                             2.3561    5.4561   library removal time
                                       5.4561   data required time
------------------------------------------------------------------------------------
                                       5.4561   data required time
                                      -3.5962   data arrival time
------------------------------------------------------------------------------------
                                      -1.8599   slack (VIOLATED)


Startpoint: s[1] (input port clocked by MYCLK)
Endpoint: d1/_4_ (rising edge-triggered flip-flop clocked by MYCLK)
Path Group: MYCLK
Path Type: min

Fanout       Cap      Slew     Delay      Time   Description
------------------------------------------------------------------------------------
                   0.0000    0.0000    0.0000   clock MYCLK (rise edge)
                             3.0000    3.0000   clock network delay (ideal)
                             0.1000    3.1000 ^ input external delay
                   0.1000    0.0000    3.1000 ^ s[1] (in)
    4    0.0110                                 s[1] (net)
                   0.1000    0.0000    3.1000 ^ m1/_16_/S1 (sky130_fd_sc_hd__mux4_2)
                   0.1846    0.7738    3.8738 ^ m1/_16_/X (sky130_fd_sc_hd__mux4_2)
    1    0.0016                                 w1 (net)
                   0.1846    0.0000    3.8738 ^ d1/_4_/D (sky130_fd_sc_hd__dfrtp_1)
                                       3.8738   data arrival time

                   0.0000    0.0000    0.0000   clock MYCLK (rise edge)
                             3.0000    3.0000   clock network delay (ideal)
                             0.1000    3.1000   clock uncertainty
                             0.0000    3.1000   clock reconvergence pessimism
                                       3.1000 ^ d1/_4_/CLK (sky130_fd_sc_hd__dfrtp_1)
                            -0.2078    2.8922   library hold time
                                       2.8922   data required time
------------------------------------------------------------------------------------
                                       2.8922   data required time
                                      -3.8738   data arrival time
------------------------------------------------------------------------------------
                                       0.9816   slack (MET)


Startpoint: d4/_4_ (rising edge-triggered flip-flop clocked by MYCLK)
Endpoint: q[3] (output port clocked by MYGEN_CLK)
Path Group: MYGEN_CLK
Path Type: min

Fanout       Cap      Slew     Delay      Time   Description
------------------------------------------------------------------------------------
                   0.0000    0.0000    0.0000   clock MYCLK (rise edge)
                             3.0000    3.0000   clock network delay (ideal)
                   0.0000    0.0000    3.0000 ^ d4/_4_/CLK (sky130_fd_sc_hd__dfrtp_1)
                   1.4400    3.2273    6.2273 v d4/_4_/Q (sky130_fd_sc_hd__dfrtp_1)
    3    0.1029                                 q[3] (net)
                   1.4400    0.0000    6.2273 v q[3] (out)
                                       6.2273   data arrival time

                   0.0000    0.0000    0.0000   clock MYGEN_CLK (rise edge)
                             0.0000    0.0000   clock network delay (ideal)
                             0.0000    0.0000   clock reconvergence pessimism
                            -0.1000   -0.1000   output external delay
                                      -0.1000   data required time
------------------------------------------------------------------------------------
                                      -0.1000   data required time
                                      -6.2273   data arrival time
------------------------------------------------------------------------------------
                                       6.3273   slack (MET)


Startpoint: reset (input port clocked by MYCLK)
Endpoint: d1/_4_ (recovery check against rising-edge clock MYCLK)
Path Group: **async_default**
Path Type: max

Fanout       Cap      Slew     Delay      Time   Description
------------------------------------------------------------------------------------
                   0.0000    0.0000    0.0000   clock MYCLK (rise edge)
                             3.0000    3.0000   clock network delay (ideal)
                             0.5000    3.5000 v input external delay
                   0.4000    0.0000    3.5000 v reset (in)
    4    0.0094                                 reset (net)
                   0.4000    0.0000    3.5000 v d1/_3_/A (sky130_fd_sc_hd__clkinv_1)
                   0.1446    0.3935    3.8935 ^ d1/_3_/Y (sky130_fd_sc_hd__clkinv_1)
    1    0.0029                                 d1/_1_ (net)
                   0.1446    0.0000    3.8935 ^ d1/_4_/RESET_B (sky130_fd_sc_hd__dfrtp_1)
                                       3.8935   data arrival time

                   0.0000   10.0000   10.0000   clock MYCLK (rise edge)
                             3.0000   13.0000   clock network delay (ideal)
                            -0.5000   12.5000   clock uncertainty
                             0.0000   12.5000   clock reconvergence pessimism
                                      12.5000 ^ d1/_4_/CLK (sky130_fd_sc_hd__dfrtp_1)
                             1.3444   13.8444   library recovery time
                                      13.8444   data required time
------------------------------------------------------------------------------------
                                      13.8444   data required time
                                      -3.8935   data arrival time
------------------------------------------------------------------------------------
                                       9.9509   slack (MET)


Startpoint: d2/_4_ (rising edge-triggered flip-flop clocked by MYCLK)
Endpoint: d3/_4_ (rising edge-triggered flip-flop clocked by MYCLK)
Path Group: MYCLK
Path Type: max

Fanout       Cap      Slew     Delay      Time   Description
------------------------------------------------------------------------------------
                   0.0000    0.0000    0.0000   clock MYCLK (rise edge)
                             3.0000    3.0000   clock network delay (ideal)
                   0.0000    0.0000    3.0000 ^ d2/_4_/CLK (sky130_fd_sc_hd__dfrtp_1)
                   7.7512    7.3868   10.3868 ^ d2/_4_/Q (sky130_fd_sc_hd__dfrtp_1)
    4    0.1745                                 q[1] (net)
                   7.7512    0.0000   10.3868 ^ m3/_16_/A1 (sky130_fd_sc_hd__mux4_2)
                   0.2108    5.1064   15.4932 ^ m3/_16_/X (sky130_fd_sc_hd__mux4_2)
    1    0.0016                                 w3 (net)
                   0.2108    0.0000   15.4932 ^ d3/_4_/D (sky130_fd_sc_hd__dfrtp_1)
                                      15.4932   data arrival time

                   0.0000   10.0000   10.0000   clock MYCLK (rise edge)
                             3.0000   13.0000   clock network delay (ideal)
                            -0.5000   12.5000   clock uncertainty
                             0.0000   12.5000   clock reconvergence pessimism
                                      12.5000 ^ d3/_4_/CLK (sky130_fd_sc_hd__dfrtp_1)
                            -0.4454   12.0546   library setup time
                                      12.0546   data required time
------------------------------------------------------------------------------------
                                      12.0546   data required time
                                     -15.4932   data arrival time
------------------------------------------------------------------------------------
                                      -3.4386   slack (VIOLATED)


Startpoint: d2/_4_ (rising edge-triggered flip-flop clocked by MYCLK)
Endpoint: q[1] (output port clocked by MYGEN_CLK)
Path Group: MYGEN_CLK
Path Type: max

Fanout       Cap      Slew     Delay      Time   Description
------------------------------------------------------------------------------------
                   0.0000    0.0000    0.0000   clock MYCLK (rise edge)
                             3.0000    3.0000   clock network delay (ideal)
                   0.0000    0.0000    3.0000 ^ d2/_4_/CLK (sky130_fd_sc_hd__dfrtp_1)
                   7.7512    7.3868   10.3868 ^ d2/_4_/Q (sky130_fd_sc_hd__dfrtp_1)
    4    0.1745                                 q[1] (net)
                   7.7512    0.0000   10.3868 ^ q[1] (out)
                                      10.3868   data arrival time

                   0.0000   10.0000   10.0000   clock MYGEN_CLK (rise edge)
                             0.0000   10.0000   clock network delay (ideal)
                             0.0000   10.0000   clock reconvergence pessimism
                            -0.4000    9.6000   output external delay
                                       9.6000   data required time
------------------------------------------------------------------------------------
                                       9.6000   data required time
                                     -10.3868   data arrival time
------------------------------------------------------------------------------------
                                      -0.7868   slack (VIOLATED)


