Warning: sta.tcl, 5 report_checks -verbose is not a known keyword or flag.
Startpoint: reset (input port clocked by MYCLK)
Endpoint: d1/_4_ (removal check against rising-edge clock MYCLK)
Path Group: **async_default**
Path Type: min

Fanout       Cap      Slew     Delay      Time   Description
------------------------------------------------------------------------------------
                   0.0000    0.0000    0.0000   clock MYCLK (rise edge)
                             3.0000    3.0000   clock network delay (ideal)
                             0.4000    3.4000 v input external delay
                   0.1000    0.0000    3.4000 v reset (in)
    4    0.0100                                 reset (net)
                   0.1000    0.0000    3.4000 v d1/_3_/A (sky130_fd_sc_hd__clkinv_1)
                   0.0779    0.1341    3.5341 ^ d1/_3_/Y (sky130_fd_sc_hd__clkinv_1)
    1    0.0031                                 d1/_1_ (net)
                   0.0779    0.0000    3.5341 ^ d1/_4_/RESET_B (sky130_fd_sc_hd__dfrtp_1)
                                       3.5341   data arrival time

                   0.0000    0.0000    0.0000   clock MYCLK (rise edge)
                             3.0000    3.0000   clock network delay (ideal)
                             0.1000    3.1000   clock uncertainty
                             0.0000    3.1000   clock reconvergence pessimism
                                       3.1000 ^ d1/_4_/CLK (sky130_fd_sc_hd__dfrtp_1)
                             1.1284    4.2284   library removal time
                                       4.2284   data required time
------------------------------------------------------------------------------------
                                       4.2284   data required time
                                      -3.5341   data arrival time
------------------------------------------------------------------------------------
                                      -0.6943   slack (VIOLATED)


Startpoint: s[1] (input port clocked by MYCLK)
Endpoint: d1/_4_ (rising edge-triggered flip-flop clocked by MYCLK)
Path Group: MYCLK
Path Type: min

Fanout       Cap      Slew     Delay      Time   Description
------------------------------------------------------------------------------------
                   0.0000    0.0000    0.0000   clock MYCLK (rise edge)
                             3.0000    3.0000   clock network delay (ideal)
                             0.1000    3.1000 ^ input external delay
                   0.1000    0.0000    3.1000 ^ s[1] (in)
    4    0.0117                                 s[1] (net)
                   0.1000    0.0000    3.1000 ^ m1/_16_/S1 (sky130_fd_sc_hd__mux4_2)
                   0.1057    0.4660    3.5660 ^ m1/_16_/X (sky130_fd_sc_hd__mux4_2)
    1    0.0017                                 w1 (net)
                   0.1057    0.0000    3.5660 ^ d1/_4_/D (sky130_fd_sc_hd__dfrtp_1)
                                       3.5660   data arrival time

                   0.0000    0.0000    0.0000   clock MYCLK (rise edge)
                             3.0000    3.0000   clock network delay (ideal)
                             0.1000    3.1000   clock uncertainty
                             0.0000    3.1000   clock reconvergence pessimism
                                       3.1000 ^ d1/_4_/CLK (sky130_fd_sc_hd__dfrtp_1)
                            -0.1237    2.9763   library hold time
                                       2.9763   data required time
------------------------------------------------------------------------------------
                                       2.9763   data required time
                                      -3.5660   data arrival time
------------------------------------------------------------------------------------
                                       0.5897   slack (MET)


Startpoint: d4/_4_ (rising edge-triggered flip-flop clocked by MYCLK)
Endpoint: q[3] (output port clocked by MYGEN_CLK)
Path Group: MYGEN_CLK
Path Type: min

Fanout       Cap      Slew     Delay      Time   Description
------------------------------------------------------------------------------------
                   0.0000    0.0000    0.0000   clock MYCLK (rise edge)
                             3.0000    3.0000   clock network delay (ideal)
                   0.0000    0.0000    3.0000 ^ d4/_4_/CLK (sky130_fd_sc_hd__dfrtp_1)
                   0.9394    1.8306    4.8306 v d4/_4_/Q (sky130_fd_sc_hd__dfrtp_1)
    3    0.1030                                 q[3] (net)
                   0.9394    0.0000    4.8306 v q[3] (out)
                                       4.8306   data arrival time

                   0.0000    0.0000    0.0000   clock MYGEN_CLK (rise edge)
                             0.0000    0.0000   clock network delay (ideal)
                             0.0000    0.0000   clock reconvergence pessimism
                            -0.1000   -0.1000   output external delay
                                      -0.1000   data required time
------------------------------------------------------------------------------------
                                      -0.1000   data required time
                                      -4.8306   data arrival time
------------------------------------------------------------------------------------
                                       4.9306   slack (MET)


Startpoint: reset (input port clocked by MYCLK)
Endpoint: d1/_4_ (recovery check against rising-edge clock MYCLK)
Path Group: **async_default**
Path Type: max

Fanout       Cap      Slew     Delay      Time   Description
------------------------------------------------------------------------------------
                   0.0000    0.0000    0.0000   clock MYCLK (rise edge)
                             3.0000    3.0000   clock network delay (ideal)
                             0.5000    3.5000 v input external delay
                   0.4000    0.0000    3.5000 v reset (in)
    4    0.0100                                 reset (net)
                   0.4000    0.0000    3.5000 v d1/_3_/A (sky130_fd_sc_hd__clkinv_1)
                   0.1033    0.3102    3.8102 ^ d1/_3_/Y (sky130_fd_sc_hd__clkinv_1)
    1    0.0031                                 d1/_1_ (net)
                   0.1033    0.0000    3.8102 ^ d1/_4_/RESET_B (sky130_fd_sc_hd__dfrtp_1)
                                       3.8102   data arrival time

                   0.0000   10.0000   10.0000   clock MYCLK (rise edge)
                             3.0000   13.0000   clock network delay (ideal)
                            -0.5000   12.5000   clock uncertainty
                             0.0000   12.5000   clock reconvergence pessimism
                                      12.5000 ^ d1/_4_/CLK (sky130_fd_sc_hd__dfrtp_1)
                             0.7189   13.2189   library recovery time
                                      13.2189   data required time
------------------------------------------------------------------------------------
                                      13.2189   data required time
                                      -3.8102   data arrival time
------------------------------------------------------------------------------------
                                       9.4087   slack (MET)


Startpoint: d2/_4_ (rising edge-triggered flip-flop clocked by MYCLK)
Endpoint: d3/_4_ (rising edge-triggered flip-flop clocked by MYCLK)
Path Group: MYCLK
Path Type: max

Fanout       Cap      Slew     Delay      Time   Description
------------------------------------------------------------------------------------
                   0.0000    0.0000    0.0000   clock MYCLK (rise edge)
                             3.0000    3.0000   clock network delay (ideal)
                   0.0000    0.0000    3.0000 ^ d2/_4_/CLK (sky130_fd_sc_hd__dfrtp_1)
                   4.3263    4.0789    7.0789 ^ d2/_4_/Q (sky130_fd_sc_hd__dfrtp_1)
    4    0.1748                                 q[1] (net)
                   4.3263    0.0000    7.0789 ^ m3/_16_/A1 (sky130_fd_sc_hd__mux4_2)
                   0.1253    2.4314    9.5103 ^ m3/_16_/X (sky130_fd_sc_hd__mux4_2)
    1    0.0017                                 w3 (net)
                   0.1253    0.0000    9.5103 ^ d3/_4_/D (sky130_fd_sc_hd__dfrtp_1)
                                       9.5103   data arrival time

                   0.0000   10.0000   10.0000   clock MYCLK (rise edge)
                             3.0000   13.0000   clock network delay (ideal)
                            -0.5000   12.5000   clock uncertainty
                             0.0000   12.5000   clock reconvergence pessimism
                                      12.5000 ^ d3/_4_/CLK (sky130_fd_sc_hd__dfrtp_1)
                            -0.2418   12.2582   library setup time
                                      12.2582   data required time
------------------------------------------------------------------------------------
                                      12.2582   data required time
                                      -9.5103   data arrival time
------------------------------------------------------------------------------------
                                       2.7480   slack (MET)


Startpoint: d2/_4_ (rising edge-triggered flip-flop clocked by MYCLK)
Endpoint: q[1] (output port clocked by MYGEN_CLK)
Path Group: MYGEN_CLK
Path Type: max

Fanout       Cap      Slew     Delay      Time   Description
------------------------------------------------------------------------------------
                   0.0000    0.0000    0.0000   clock MYCLK (rise edge)
                             3.0000    3.0000   clock network delay (ideal)
                   0.0000    0.0000    3.0000 ^ d2/_4_/CLK (sky130_fd_sc_hd__dfrtp_1)
                   4.3263    4.0789    7.0789 ^ d2/_4_/Q (sky130_fd_sc_hd__dfrtp_1)
    4    0.1748                                 q[1] (net)
                   4.3263    0.0000    7.0789 ^ q[1] (out)
                                       7.0789   data arrival time

                   0.0000   10.0000   10.0000   clock MYGEN_CLK (rise edge)
                             0.0000   10.0000   clock network delay (ideal)
                             0.0000   10.0000   clock reconvergence pessimism
                            -0.4000    9.6000   output external delay
                                       9.6000   data required time
------------------------------------------------------------------------------------
                                       9.6000   data required time
                                      -7.0789   data arrival time
------------------------------------------------------------------------------------
                                       2.5211   slack (MET)


